<?xml version="1.0" encoding="UTF-8"?>
<!-- Generated by org.testng.reporters.JUnitXMLReporter -->
<testsuite ignored="0" hostname="SubhanPC" failures="0" tests="11" name="Default test" time="16.465" errors="0" timestamp="2024-07-19T21:36:09 IST">
  <testcase classname="My_Package.Beeceptor_API" name="Get_list_companies" time="4.016"/>
  <testcase classname="My_Package.Beeceptor_API" name="Get_list_standard_roles" time="1.266"/>
  <testcase classname="My_Package.Beeceptor_API" name="Get_list_users" time="1.369"/>
  <testcase classname="My_Package.Beeceptor_API" name="List_countries" time="1.21"/>
  <testcase classname="My_Package.Beeceptor_API" name="List_popular_quote" time="1.291"/>
  <testcase classname="My_Package.Beeceptor_API" name="Listing_all_blog_comments" time="1.083"/>
  <testcase classname="My_Package.Beeceptor_API" name="Retrieve_comment" time="1.154"/>
  <testcase classname="My_Package.Beeceptor_API" name="Retrieve_details_company_ID" time="1.202"/>
  <testcase classname="My_Package.Beeceptor_API" name="Retrieve_post_by_ID" time="1.302"/>
  <testcase classname="My_Package.Beeceptor_API" name="Retrieve_user_details" time="1.224"/>
  <testcase classname="My_Package.Beeceptor_API" name="get_all_emp_data" time="1.233"/>
</testsuite> <!-- Default test -->
