<?xml version="1.0" encoding="UTF-8"?>
<!-- Generated by org.testng.reporters.JUnitXMLReporter -->
<testsuite ignored="10" hostname="SubhanPC" failures="0" tests="1" name="Default test" time="3.467" errors="0" timestamp="2024-07-19T18:17:15 IST">
  <testcase classname="My_Package.Beeceptor_API" name="List_pupular_quote" time="3.411"/>
  <testcase classname="My_Package.Beeceptor_API" name="Get_list_users" time="0.0">
    <ignored/>
  </testcase> <!-- Get_list_users -->
  <testcase classname="My_Package.Beeceptor_API" name="Retrieve_post_by_ID" time="0.0">
    <ignored/>
  </testcase> <!-- Retrieve_post_by_ID -->
  <testcase classname="My_Package.Beeceptor_API" name="Retrieve_details_company_ID" time="0.0">
    <ignored/>
  </testcase> <!-- Retrieve_details_company_ID -->
  <testcase classname="My_Package.Beeceptor_API" name="Get_list_companies" time="0.0">
    <ignored/>
  </testcase> <!-- Get_list_companies -->
  <testcase classname="My_Package.Beeceptor_API" name="Get_list_standard_roles" time="0.0">
    <ignored/>
  </testcase> <!-- Get_list_standard_roles -->
  <testcase classname="My_Package.Beeceptor_API" name="Retrieve_comment" time="0.0">
    <ignored/>
  </testcase> <!-- Retrieve_comment -->
  <testcase classname="My_Package.Beeceptor_API" name="Listing_all_blog_comments" time="0.0">
    <ignored/>
  </testcase> <!-- Listing_all_blog_comments -->
  <testcase classname="My_Package.Beeceptor_API" name="get_all_emp_data" time="0.0">
    <ignored/>
  </testcase> <!-- get_all_emp_data -->
  <testcase classname="My_Package.Beeceptor_API" name="List_countries" time="0.0">
    <ignored/>
  </testcase> <!-- List_countries -->
  <testcase classname="My_Package.Beeceptor_API" name="Retrieve_user_details" time="0.0">
    <ignored/>
  </testcase> <!-- Retrieve_user_details -->
</testsuite> <!-- Default test -->
