<?xml version="1.0" encoding="UTF-8"?>
<testng-results ignored="0" total="11" passed="11" failed="0" skipped="0">
  <reporter-output>
  </reporter-output>
  <suite started-at="2024-07-19T21:35:52 IST" name="Default suite" finished-at="2024-07-19T21:36:09 IST" duration-ms="16465">
    <groups>
    </groups>
    <test started-at="2024-07-19T21:35:52 IST" name="Default test" finished-at="2024-07-19T21:36:09 IST" duration-ms="16465">
      <class name="My_Package.Beeceptor_API">
        <test-method signature="Get_list_companies()[pri:0, instance:My_Package.Beeceptor_API@23c30a20]" started-at="2024-07-19T21:35:52 IST" name="Get_list_companies" finished-at="2024-07-19T21:35:56 IST" duration-ms="4016" status="PASS">
          <reporter-output>
          </reporter-output>
        </test-method> <!-- Get_list_companies -->
        <test-method signature="Get_list_standard_roles()[pri:0, instance:My_Package.Beeceptor_API@23c30a20]" started-at="2024-07-19T21:35:56 IST" name="Get_list_standard_roles" finished-at="2024-07-19T21:35:58 IST" duration-ms="1266" status="PASS">
          <reporter-output>
          </reporter-output>
        </test-method> <!-- Get_list_standard_roles -->
        <test-method signature="Get_list_users()[pri:0, instance:My_Package.Beeceptor_API@23c30a20]" started-at="2024-07-19T21:35:58 IST" name="Get_list_users" finished-at="2024-07-19T21:35:59 IST" duration-ms="1369" status="PASS">
          <reporter-output>
          </reporter-output>
        </test-method> <!-- Get_list_users -->
        <test-method signature="List_countries()[pri:0, instance:My_Package.Beeceptor_API@23c30a20]" started-at="2024-07-19T21:35:59 IST" name="List_countries" finished-at="2024-07-19T21:36:00 IST" duration-ms="1210" status="PASS">
          <reporter-output>
          </reporter-output>
        </test-method> <!-- List_countries -->
        <test-method signature="List_popular_quote()[pri:0, instance:My_Package.Beeceptor_API@23c30a20]" started-at="2024-07-19T21:36:00 IST" name="List_popular_quote" finished-at="2024-07-19T21:36:02 IST" duration-ms="1291" status="PASS">
          <reporter-output>
          </reporter-output>
        </test-method> <!-- List_popular_quote -->
        <test-method signature="Listing_all_blog_comments()[pri:0, instance:My_Package.Beeceptor_API@23c30a20]" started-at="2024-07-19T21:36:02 IST" name="Listing_all_blog_comments" finished-at="2024-07-19T21:36:03 IST" duration-ms="1083" status="PASS">
          <reporter-output>
          </reporter-output>
        </test-method> <!-- Listing_all_blog_comments -->
        <test-method signature="Retrieve_comment()[pri:0, instance:My_Package.Beeceptor_API@23c30a20]" started-at="2024-07-19T21:36:03 IST" name="Retrieve_comment" finished-at="2024-07-19T21:36:04 IST" duration-ms="1154" status="PASS">
          <reporter-output>
          </reporter-output>
        </test-method> <!-- Retrieve_comment -->
        <test-method signature="Retrieve_details_company_ID()[pri:0, instance:My_Package.Beeceptor_API@23c30a20]" started-at="2024-07-19T21:36:04 IST" name="Retrieve_details_company_ID" finished-at="2024-07-19T21:36:05 IST" duration-ms="1202" status="PASS">
          <reporter-output>
          </reporter-output>
        </test-method> <!-- Retrieve_details_company_ID -->
        <test-method signature="Retrieve_post_by_ID()[pri:0, instance:My_Package.Beeceptor_API@23c30a20]" started-at="2024-07-19T21:36:05 IST" name="Retrieve_post_by_ID" finished-at="2024-07-19T21:36:06 IST" duration-ms="1302" status="PASS">
          <reporter-output>
          </reporter-output>
        </test-method> <!-- Retrieve_post_by_ID -->
        <test-method signature="Retrieve_user_details()[pri:0, instance:My_Package.Beeceptor_API@23c30a20]" started-at="2024-07-19T21:36:06 IST" name="Retrieve_user_details" finished-at="2024-07-19T21:36:08 IST" duration-ms="1224" status="PASS">
          <reporter-output>
          </reporter-output>
        </test-method> <!-- Retrieve_user_details -->
        <test-method signature="get_all_emp_data()[pri:0, instance:My_Package.Beeceptor_API@23c30a20]" started-at="2024-07-19T21:36:08 IST" name="get_all_emp_data" finished-at="2024-07-19T21:36:09 IST" duration-ms="1233" status="PASS">
          <reporter-output>
          </reporter-output>
        </test-method> <!-- get_all_emp_data -->
      </class> <!-- My_Package.Beeceptor_API -->
    </test> <!-- Default test -->
  </suite> <!-- Default suite -->
</testng-results>
